2025-04-12 00:00:26 INFO  o.s.o.j.LocalContainerEntityManagerFactoryBean - Closing JPA EntityManagerFactory for persistence unit 'default'
2025-04-12 00:00:26 INFO  com.zaxxer.hikari.HikariDataSource - HikariPool-1 - Shutdown initiated...
2025-04-12 00:00:26 INFO  com.zaxxer.hikari.HikariDataSource - HikariPool-1 - Shutdown completed.
2025-04-12 00:05:47 INFO  o.h.validator.internal.util.Version - HV000001: Hibernate Validator 8.0.1.Final
2025-04-12 00:05:47 INFO  c.e.eumakase.EumakaseApplication - Starting EumakaseApplication using Java 17.0.9 with PID 49333 (/Users/jyoung/Documents/GitHub/eumakase_server/build/classes/java/main started by jyoung in /Users/jyoung/Documents/GitHub/eumakase_server)
2025-04-12 00:05:47 INFO  c.e.eumakase.EumakaseApplication - The following 1 profile is active: "dev"
2025-04-12 00:05:48 INFO  o.s.b.c.c.annotation.BatchRegistrar - Finished Spring Batch infrastructure beans configuration in 10 ms.
2025-04-12 00:05:48 INFO  o.s.b.c.c.annotation.BatchRegistrar - Bean jobRepository already defined in the application context, skipping the registration of a jobRepository
2025-04-12 00:05:48 INFO  o.s.b.c.c.annotation.BatchRegistrar - Bean jobExplorer already defined in the application context, skipping the registration of a jobExplorer
2025-04-12 00:05:48 INFO  o.s.b.c.c.annotation.BatchRegistrar - Bean jobLauncher already defined in the application context, skipping the registration of a jobLauncher
2025-04-12 00:05:48 INFO  o.s.b.c.c.annotation.BatchRegistrar - Bean jobRegistry already defined in the application context, skipping the registration of a jobRegistry
2025-04-12 00:05:48 INFO  o.s.b.c.c.annotation.BatchRegistrar - Bean jobRegistryBeanPostProcessor already defined in the application context, skipping the registration of a jobRegistryBeanPostProcessor
2025-04-12 00:05:48 INFO  o.s.b.c.c.annotation.BatchRegistrar - Bean jobOperator already defined in the application context, skipping the registration of a jobOperator
2025-04-12 00:05:48 INFO  o.s.b.c.c.annotation.BatchRegistrar - Finished Spring Batch infrastructure beans configuration in 0 ms.
2025-04-12 00:05:48 INFO  o.s.d.r.c.RepositoryConfigurationDelegate - Bootstrapping Spring Data JPA repositories in DEFAULT mode.
2025-04-12 00:05:48 INFO  o.s.d.r.c.RepositoryConfigurationDelegate - Finished Spring Data repository scanning in 79 ms. Found 8 JPA repository interfaces.
2025-04-12 00:05:48 INFO  c.u.j.c.EnableEncryptablePropertiesBeanFactoryPostProcessor - Post-processing PropertySource instances
2025-04-12 00:05:48 INFO  c.u.j.EncryptablePropertySourceConverter - Skipping PropertySource configurationProperties [class org.springframework.boot.context.properties.source.ConfigurationPropertySourcesPropertySource
2025-04-12 00:05:48 INFO  c.u.j.EncryptablePropertySourceConverter - Skipping PropertySource servletConfigInitParams [class org.springframework.core.env.PropertySource$StubPropertySource
2025-04-12 00:05:48 INFO  c.u.j.EncryptablePropertySourceConverter - Skipping PropertySource servletContextInitParams [class org.springframework.core.env.PropertySource$StubPropertySource
2025-04-12 00:05:48 INFO  c.u.j.EncryptablePropertySourceConverter - Converting PropertySource systemProperties [org.springframework.core.env.PropertiesPropertySource] to EncryptableMapPropertySourceWrapper
2025-04-12 00:05:48 INFO  c.u.j.EncryptablePropertySourceConverter - Converting PropertySource systemEnvironment [org.springframework.boot.env.SystemEnvironmentPropertySourceEnvironmentPostProcessor$OriginAwareSystemEnvironmentPropertySource] to EncryptableSystemEnvironmentPropertySourceWrapper
2025-04-12 00:05:48 INFO  c.u.j.EncryptablePropertySourceConverter - Converting PropertySource random [org.springframework.boot.env.RandomValuePropertySource] to EncryptablePropertySourceWrapper
2025-04-12 00:05:48 INFO  c.u.j.EncryptablePropertySourceConverter - Converting PropertySource Config resource 'class path resource [application-dev.yml]' via location 'optional:classpath:/' [org.springframework.boot.env.OriginTrackedMapPropertySource] to EncryptableMapPropertySourceWrapper
2025-04-12 00:05:48 INFO  c.u.j.EncryptablePropertySourceConverter - Converting PropertySource Config resource 'class path resource [application.yml]' via location 'optional:classpath:/' [org.springframework.boot.env.OriginTrackedMapPropertySource] to EncryptableMapPropertySourceWrapper
2025-04-12 00:05:48 WARN  o.s.c.s.PostProcessorRegistrationDelegate$BeanPostProcessorChecker - Bean 'jobRegistry' of type [org.springframework.batch.core.configuration.support.MapJobRegistry] is not eligible for getting processed by all BeanPostProcessors (for example: not eligible for auto-proxying). Is this bean getting eagerly injected into a currently created BeanPostProcessor [jobRegistryBeanPostProcessor]? Check the corresponding BeanPostProcessor declaration and its dependencies.
2025-04-12 00:05:48 INFO  c.u.j.f.DefaultLazyPropertyFilter - Property Filter custom Bean not found with name 'encryptablePropertyFilter'. Initializing Default Property Filter
2025-04-12 00:05:48 INFO  c.u.j.r.DefaultLazyPropertyResolver - Property Resolver custom Bean not found with name 'encryptablePropertyResolver'. Initializing Default Property Resolver
2025-04-12 00:05:48 INFO  c.u.j.d.DefaultLazyPropertyDetector - Property Detector custom Bean not found with name 'encryptablePropertyDetector'. Initializing Default Property Detector
2025-04-12 00:05:49 INFO  o.s.b.w.e.tomcat.TomcatWebServer - Tomcat initialized with port 8080 (http)
2025-04-12 00:05:49 INFO  o.a.coyote.http11.Http11NioProtocol - Initializing ProtocolHandler ["http-nio-8080"]
2025-04-12 00:05:49 INFO  o.a.catalina.core.StandardService - Starting service [Tomcat]
2025-04-12 00:05:49 INFO  o.a.catalina.core.StandardEngine - Starting Servlet engine: [Apache Tomcat/10.1.17]
2025-04-12 00:05:49 INFO  o.a.c.c.C.[Tomcat].[localhost].[/] - Initializing Spring embedded WebApplicationContext
2025-04-12 00:05:49 INFO  o.s.b.w.s.c.ServletWebServerApplicationContext - Root WebApplicationContext: initialization completed in 1657 ms
2025-04-12 00:05:49 INFO  c.u.j.encryptor.DefaultLazyEncryptor - Found Custom Encryptor Bean org.jasypt.encryption.pbe.PooledPBEStringEncryptor@11c581a0 with name: jasyptStringEncryptor
2025-04-12 00:05:49 INFO  o.h.jpa.internal.util.LogHelper - HHH000204: Processing PersistenceUnitInfo [name: default]
2025-04-12 00:05:49 INFO  org.hibernate.Version - HHH000412: Hibernate ORM core version 6.4.1.Final
2025-04-12 00:05:49 INFO  o.h.c.i.RegionFactoryInitiator - HHH000026: Second-level cache disabled
2025-04-12 00:05:49 INFO  o.s.o.j.p.SpringPersistenceUnitInfo - No LoadTimeWeaver setup: ignoring JPA class transformer
2025-04-12 00:05:49 INFO  com.zaxxer.hikari.HikariDataSource - HikariPool-1 - Starting...
2025-04-12 00:05:49 INFO  com.zaxxer.hikari.pool.HikariPool - HikariPool-1 - Added connection com.mysql.cj.jdbc.ConnectionImpl@5a06eeef
2025-04-12 00:05:49 INFO  com.zaxxer.hikari.HikariDataSource - HikariPool-1 - Start completed.
2025-04-12 00:05:50 INFO  o.h.e.t.j.p.i.JtaPlatformInitiator - HHH000489: No JTA platform available (set 'hibernate.transaction.jta.platform' to enable JTA platform integration)
2025-04-12 00:05:51 INFO  p6spy - #1744383951101 | took 53ms | statement | connection 1| url jdbc:mysql://daytune-db-dev.cn6y6ga82851.ap-northeast-2.rds.amazonaws.com:3306/daytune

    create table diary_question_answer (
        id bigint not null auto_increment,
        created_date TIMESTAMP null,
        updated_date TIMESTAMP null,
        answer varchar(255) not null,
        question varchar(255) not null,
        question_order integer not null,
        diary_id bigint,
        primary key (id)
    ) engine=InnoDB

    create table diary_question_answer (
        id bigint not null auto_increment,
        created_date TIMESTAMP null,
        updated_date TIMESTAMP null,
        answer varchar(255) not null,
        question varchar(255) not null,
        question_order integer not null,
        diary_id bigint,
        primary key (id)
    ) engine=InnoDB;
2025-04-12 00:05:51 INFO  p6spy - #1744383951150 | took 8ms | statement | connection 1| url jdbc:mysql://daytune-db-dev.cn6y6ga82851.ap-northeast-2.rds.amazonaws.com:3306/daytune
select * from `daytune`.`prompt_category` where 1=0
select * from `daytune`.`prompt_category` where 1=0;
2025-04-12 00:05:51 INFO  p6spy - #1744383951170 | took 9ms | statement | connection 1| url jdbc:mysql://daytune-db-dev.cn6y6ga82851.ap-northeast-2.rds.amazonaws.com:3306/daytune
select * from `daytune`.`user` where 1=0
select * from `daytune`.`user` where 1=0;
2025-04-12 00:05:51 INFO  p6spy - #1744383951282 | took 110ms | statement | connection 1| url jdbc:mysql://daytune-db-dev.cn6y6ga82851.ap-northeast-2.rds.amazonaws.com:3306/daytune

    alter table diary_question_answer 
       add constraint FKskes7drgbd5oloehpjcgvixjh 
       foreign key (diary_id) 
       references diary (id)

    alter table diary_question_answer 
       add constraint FKskes7drgbd5oloehpjcgvixjh 
       foreign key (diary_id) 
       references diary (id);
2025-04-12 00:05:51 INFO  p6spy - #1744383951312 | took 7ms | statement | connection 1| url jdbc:mysql://daytune-db-dev.cn6y6ga82851.ap-northeast-2.rds.amazonaws.com:3306/daytune
select * from `daytune`.`user` where 1=0
select * from `daytune`.`user` where 1=0;
2025-04-12 00:05:51 INFO  p6spy - #1744383951343 | took 9ms | statement | connection 1| url jdbc:mysql://daytune-db-dev.cn6y6ga82851.ap-northeast-2.rds.amazonaws.com:3306/daytune
select * from `daytune`.`diary` where 1=0
select * from `daytune`.`diary` where 1=0;
2025-04-12 00:05:51 INFO  p6spy - #1744383951360 | took 7ms | statement | connection 1| url jdbc:mysql://daytune-db-dev.cn6y6ga82851.ap-northeast-2.rds.amazonaws.com:3306/daytune
select * from `daytune`.`prompt_category` where 1=0
select * from `daytune`.`prompt_category` where 1=0;
2025-04-12 00:05:51 INFO  p6spy - #1744383951390 | took 7ms | statement | connection 1| url jdbc:mysql://daytune-db-dev.cn6y6ga82851.ap-northeast-2.rds.amazonaws.com:3306/daytune
select * from `daytune`.`prompt_category` where 1=0
select * from `daytune`.`prompt_category` where 1=0;
2025-04-12 00:05:51 INFO  p6spy - #1744383951425 | took 7ms | statement | connection 1| url jdbc:mysql://daytune-db-dev.cn6y6ga82851.ap-northeast-2.rds.amazonaws.com:3306/daytune
select * from `daytune`.`user` where 1=0
select * from `daytune`.`user` where 1=0;
2025-04-12 00:05:51 INFO  p6spy - #1744383951458 | took 7ms | statement | connection 1| url jdbc:mysql://daytune-db-dev.cn6y6ga82851.ap-northeast-2.rds.amazonaws.com:3306/daytune
select * from `daytune`.`music` where 1=0
select * from `daytune`.`music` where 1=0;
2025-04-12 00:05:51 INFO  o.s.o.j.LocalContainerEntityManagerFactoryBean - Initialized JPA EntityManagerFactory for persistence unit 'default'
2025-04-12 00:05:52 INFO  o.s.b.c.r.s.JobRepositoryFactoryBean - No database type set, using meta data indicating: MYSQL
2025-04-12 00:05:52 INFO  o.s.b.c.l.support.SimpleJobLauncher - No TaskExecutor has been set, defaulting to synchronous executor.
2025-04-12 00:05:52 INFO  o.s.b.c.c.a.BatchObservabilityBeanPostProcessor - No Micrometer observation registry found, defaulting to ObservationRegistry.NOOP
2025-04-12 00:05:52 INFO  o.s.b.c.c.a.BatchObservabilityBeanPostProcessor - No Micrometer observation registry found, defaulting to ObservationRegistry.NOOP
2025-04-12 00:05:52 WARN  o.s.b.a.o.j.JpaBaseConfiguration$JpaWebConfiguration - spring.jpa.open-in-view is enabled by default. Therefore, database queries may be performed during view rendering. Explicitly configure spring.jpa.open-in-view to disable this warning
2025-04-12 00:05:52 INFO  o.s.b.a.w.s.WelcomePageHandlerMapping - Adding welcome page: class path resource [static/index.html]
2025-04-12 00:05:52 INFO  o.s.s.web.DefaultSecurityFilterChain - Will secure any request with [org.springframework.security.web.session.DisableEncodeUrlFilter@7f3616d2, org.springframework.security.web.context.request.async.WebAsyncManagerIntegrationFilter@7e5c04a4, org.springframework.security.web.context.SecurityContextHolderFilter@5145dddc, org.springframework.security.web.header.HeaderWriterFilter@6e48dc84, org.springframework.security.web.authentication.logout.LogoutFilter@4b45016d, com.eumakase.eumakase.security.JwtAuthenticationFilter@19fbc594, org.springframework.security.web.savedrequest.RequestCacheAwareFilter@75b05ec7, org.springframework.security.web.servletapi.SecurityContextHolderAwareRequestFilter@31d96cd6, org.springframework.security.web.authentication.AnonymousAuthenticationFilter@6212dc7d, org.springframework.security.web.session.SessionManagementFilter@2449dff5, org.springframework.security.web.access.ExceptionTranslationFilter@5f2312f3, org.springframework.security.web.access.intercept.AuthorizationFilter@47d8c666]
2025-04-12 00:05:52 INFO  o.a.coyote.http11.Http11NioProtocol - Starting ProtocolHandler ["http-nio-8080"]
2025-04-12 00:05:52 INFO  o.s.b.w.e.tomcat.TomcatWebServer - Tomcat started on port 8080 (http) with context path ''
2025-04-12 00:05:52 INFO  c.u.j.c.RefreshScopeRefreshedEventListener - Refreshing cached encryptable property sources on ServletWebServerInitializedEvent
2025-04-12 00:05:52 INFO  c.u.j.c.CachingDelegateEncryptablePropertySource - Property Source systemProperties refreshed
2025-04-12 00:05:52 INFO  c.u.j.c.CachingDelegateEncryptablePropertySource - Property Source systemEnvironment refreshed
2025-04-12 00:05:52 INFO  c.u.j.c.CachingDelegateEncryptablePropertySource - Property Source random refreshed
2025-04-12 00:05:52 INFO  c.u.j.c.CachingDelegateEncryptablePropertySource - Property Source Config resource 'class path resource [application-dev.yml]' via location 'optional:classpath:/' refreshed
2025-04-12 00:05:52 INFO  c.u.j.c.CachingDelegateEncryptablePropertySource - Property Source Config resource 'class path resource [application.yml]' via location 'optional:classpath:/' refreshed
2025-04-12 00:05:52 INFO  c.u.j.EncryptablePropertySourceConverter - Skipping PropertySource configurationProperties [class org.springframework.boot.context.properties.source.ConfigurationPropertySourcesPropertySource
2025-04-12 00:05:52 INFO  c.u.j.EncryptablePropertySourceConverter - Skipping PropertySource servletConfigInitParams [class org.springframework.core.env.PropertySource$StubPropertySource
2025-04-12 00:05:52 INFO  c.u.j.EncryptablePropertySourceConverter - Converting PropertySource servletContextInitParams [org.springframework.web.context.support.ServletContextPropertySource] to EncryptableEnumerablePropertySourceWrapper
2025-04-12 00:05:52 INFO  c.e.eumakase.EumakaseApplication - Started EumakaseApplication in 6.13 seconds (process running for 6.723)
2025-04-12 00:08:56 INFO  o.s.o.j.LocalContainerEntityManagerFactoryBean - Closing JPA EntityManagerFactory for persistence unit 'default'
2025-04-12 00:08:56 INFO  com.zaxxer.hikari.HikariDataSource - HikariPool-1 - Shutdown initiated...
2025-04-12 00:08:56 INFO  com.zaxxer.hikari.HikariDataSource - HikariPool-1 - Shutdown completed.
2025-04-12 00:08:59 INFO  o.h.validator.internal.util.Version - HV000001: Hibernate Validator 8.0.1.Final
2025-04-12 00:08:59 INFO  c.e.eumakase.EumakaseApplication - Starting EumakaseApplication using Java 17.0.9 with PID 49384 (/Users/jyoung/Documents/GitHub/eumakase_server/build/classes/java/main started by jyoung in /Users/jyoung/Documents/GitHub/eumakase_server)
2025-04-12 00:08:59 INFO  c.e.eumakase.EumakaseApplication - The following 1 profile is active: "dev"
2025-04-12 00:09:00 INFO  o.s.b.c.c.annotation.BatchRegistrar - Finished Spring Batch infrastructure beans configuration in 9 ms.
2025-04-12 00:09:00 INFO  o.s.b.c.c.annotation.BatchRegistrar - Bean jobRepository already defined in the application context, skipping the registration of a jobRepository
2025-04-12 00:09:00 INFO  o.s.b.c.c.annotation.BatchRegistrar - Bean jobExplorer already defined in the application context, skipping the registration of a jobExplorer
2025-04-12 00:09:00 INFO  o.s.b.c.c.annotation.BatchRegistrar - Bean jobLauncher already defined in the application context, skipping the registration of a jobLauncher
2025-04-12 00:09:00 INFO  o.s.b.c.c.annotation.BatchRegistrar - Bean jobRegistry already defined in the application context, skipping the registration of a jobRegistry
2025-04-12 00:09:00 INFO  o.s.b.c.c.annotation.BatchRegistrar - Bean jobRegistryBeanPostProcessor already defined in the application context, skipping the registration of a jobRegistryBeanPostProcessor
2025-04-12 00:09:00 INFO  o.s.b.c.c.annotation.BatchRegistrar - Bean jobOperator already defined in the application context, skipping the registration of a jobOperator
2025-04-12 00:09:00 INFO  o.s.b.c.c.annotation.BatchRegistrar - Finished Spring Batch infrastructure beans configuration in 0 ms.
2025-04-12 00:09:00 INFO  o.s.d.r.c.RepositoryConfigurationDelegate - Bootstrapping Spring Data JPA repositories in DEFAULT mode.
2025-04-12 00:09:00 INFO  o.s.d.r.c.RepositoryConfigurationDelegate - Finished Spring Data repository scanning in 85 ms. Found 8 JPA repository interfaces.
2025-04-12 00:09:01 INFO  c.u.j.c.EnableEncryptablePropertiesBeanFactoryPostProcessor - Post-processing PropertySource instances
2025-04-12 00:09:01 INFO  c.u.j.EncryptablePropertySourceConverter - Skipping PropertySource configurationProperties [class org.springframework.boot.context.properties.source.ConfigurationPropertySourcesPropertySource
2025-04-12 00:09:01 INFO  c.u.j.EncryptablePropertySourceConverter - Skipping PropertySource servletConfigInitParams [class org.springframework.core.env.PropertySource$StubPropertySource
2025-04-12 00:09:01 INFO  c.u.j.EncryptablePropertySourceConverter - Skipping PropertySource servletContextInitParams [class org.springframework.core.env.PropertySource$StubPropertySource
2025-04-12 00:09:01 INFO  c.u.j.EncryptablePropertySourceConverter - Converting PropertySource systemProperties [org.springframework.core.env.PropertiesPropertySource] to EncryptableMapPropertySourceWrapper
2025-04-12 00:09:01 INFO  c.u.j.EncryptablePropertySourceConverter - Converting PropertySource systemEnvironment [org.springframework.boot.env.SystemEnvironmentPropertySourceEnvironmentPostProcessor$OriginAwareSystemEnvironmentPropertySource] to EncryptableSystemEnvironmentPropertySourceWrapper
2025-04-12 00:09:01 INFO  c.u.j.EncryptablePropertySourceConverter - Converting PropertySource random [org.springframework.boot.env.RandomValuePropertySource] to EncryptablePropertySourceWrapper
2025-04-12 00:09:01 INFO  c.u.j.EncryptablePropertySourceConverter - Converting PropertySource Config resource 'class path resource [application-dev.yml]' via location 'optional:classpath:/' [org.springframework.boot.env.OriginTrackedMapPropertySource] to EncryptableMapPropertySourceWrapper
2025-04-12 00:09:01 INFO  c.u.j.EncryptablePropertySourceConverter - Converting PropertySource Config resource 'class path resource [application.yml]' via location 'optional:classpath:/' [org.springframework.boot.env.OriginTrackedMapPropertySource] to EncryptableMapPropertySourceWrapper
2025-04-12 00:09:01 WARN  o.s.c.s.PostProcessorRegistrationDelegate$BeanPostProcessorChecker - Bean 'jobRegistry' of type [org.springframework.batch.core.configuration.support.MapJobRegistry] is not eligible for getting processed by all BeanPostProcessors (for example: not eligible for auto-proxying). Is this bean getting eagerly injected into a currently created BeanPostProcessor [jobRegistryBeanPostProcessor]? Check the corresponding BeanPostProcessor declaration and its dependencies.
2025-04-12 00:09:01 INFO  c.u.j.f.DefaultLazyPropertyFilter - Property Filter custom Bean not found with name 'encryptablePropertyFilter'. Initializing Default Property Filter
2025-04-12 00:09:01 INFO  c.u.j.r.DefaultLazyPropertyResolver - Property Resolver custom Bean not found with name 'encryptablePropertyResolver'. Initializing Default Property Resolver
2025-04-12 00:09:01 INFO  c.u.j.d.DefaultLazyPropertyDetector - Property Detector custom Bean not found with name 'encryptablePropertyDetector'. Initializing Default Property Detector
2025-04-12 00:09:01 INFO  o.s.b.w.e.tomcat.TomcatWebServer - Tomcat initialized with port 8080 (http)
2025-04-12 00:09:01 INFO  o.a.coyote.http11.Http11NioProtocol - Initializing ProtocolHandler ["http-nio-8080"]
2025-04-12 00:09:01 INFO  o.a.catalina.core.StandardService - Starting service [Tomcat]
2025-04-12 00:09:01 INFO  o.a.catalina.core.StandardEngine - Starting Servlet engine: [Apache Tomcat/10.1.17]
2025-04-12 00:09:01 INFO  o.a.c.c.C.[Tomcat].[localhost].[/] - Initializing Spring embedded WebApplicationContext
2025-04-12 00:09:01 INFO  o.s.b.w.s.c.ServletWebServerApplicationContext - Root WebApplicationContext: initialization completed in 1620 ms
2025-04-12 00:09:01 INFO  c.u.j.encryptor.DefaultLazyEncryptor - Found Custom Encryptor Bean org.jasypt.encryption.pbe.PooledPBEStringEncryptor@245cb8df with name: jasyptStringEncryptor
2025-04-12 00:09:01 INFO  o.h.jpa.internal.util.LogHelper - HHH000204: Processing PersistenceUnitInfo [name: default]
2025-04-12 00:09:02 INFO  org.hibernate.Version - HHH000412: Hibernate ORM core version 6.4.1.Final
2025-04-12 00:09:02 INFO  o.h.c.i.RegionFactoryInitiator - HHH000026: Second-level cache disabled
2025-04-12 00:09:02 INFO  o.s.o.j.p.SpringPersistenceUnitInfo - No LoadTimeWeaver setup: ignoring JPA class transformer
2025-04-12 00:09:02 INFO  com.zaxxer.hikari.HikariDataSource - HikariPool-1 - Starting...
2025-04-12 00:09:02 INFO  com.zaxxer.hikari.pool.HikariPool - HikariPool-1 - Added connection com.mysql.cj.jdbc.ConnectionImpl@3d02ff64
2025-04-12 00:09:02 INFO  com.zaxxer.hikari.HikariDataSource - HikariPool-1 - Start completed.
2025-04-12 00:09:03 INFO  o.h.e.t.j.p.i.JtaPlatformInitiator - HHH000489: No JTA platform available (set 'hibernate.transaction.jta.platform' to enable JTA platform integration)
2025-04-12 00:09:03 INFO  p6spy - #1744384143649 | took 92ms | statement | connection 1| url jdbc:mysql://daytune-db-dev.cn6y6ga82851.ap-northeast-2.rds.amazonaws.com:3306/daytune

    alter table diary_question_answer 
       modify column question_order integer not null

    alter table diary_question_answer 
       modify column question_order integer not null;
2025-04-12 00:09:03 INFO  p6spy - #1744384143716 | took 10ms | statement | connection 1| url jdbc:mysql://daytune-db-dev.cn6y6ga82851.ap-northeast-2.rds.amazonaws.com:3306/daytune
select * from `daytune`.`prompt_category` where 1=0
select * from `daytune`.`prompt_category` where 1=0;
2025-04-12 00:09:03 INFO  p6spy - #1744384143738 | took 9ms | statement | connection 1| url jdbc:mysql://daytune-db-dev.cn6y6ga82851.ap-northeast-2.rds.amazonaws.com:3306/daytune
select * from `daytune`.`user` where 1=0
select * from `daytune`.`user` where 1=0;
2025-04-12 00:09:03 INFO  p6spy - #1744384143771 | took 8ms | statement | connection 1| url jdbc:mysql://daytune-db-dev.cn6y6ga82851.ap-northeast-2.rds.amazonaws.com:3306/daytune
select * from `daytune`.`diary` where 1=0
select * from `daytune`.`diary` where 1=0;
2025-04-12 00:09:03 INFO  p6spy - #1744384143802 | took 9ms | statement | connection 1| url jdbc:mysql://daytune-db-dev.cn6y6ga82851.ap-northeast-2.rds.amazonaws.com:3306/daytune
select * from `daytune`.`user` where 1=0
select * from `daytune`.`user` where 1=0;
2025-04-12 00:09:03 INFO  p6spy - #1744384143833 | took 8ms | statement | connection 1| url jdbc:mysql://daytune-db-dev.cn6y6ga82851.ap-northeast-2.rds.amazonaws.com:3306/daytune
select * from `daytune`.`diary` where 1=0
select * from `daytune`.`diary` where 1=0;
2025-04-12 00:09:03 INFO  p6spy - #1744384143851 | took 7ms | statement | connection 1| url jdbc:mysql://daytune-db-dev.cn6y6ga82851.ap-northeast-2.rds.amazonaws.com:3306/daytune
select * from `daytune`.`prompt_category` where 1=0
select * from `daytune`.`prompt_category` where 1=0;
2025-04-12 00:09:03 INFO  p6spy - #1744384143884 | took 8ms | statement | connection 1| url jdbc:mysql://daytune-db-dev.cn6y6ga82851.ap-northeast-2.rds.amazonaws.com:3306/daytune
select * from `daytune`.`prompt_category` where 1=0
select * from `daytune`.`prompt_category` where 1=0;
2025-04-12 00:09:03 INFO  p6spy - #1744384143915 | took 7ms | statement | connection 1| url jdbc:mysql://daytune-db-dev.cn6y6ga82851.ap-northeast-2.rds.amazonaws.com:3306/daytune
select * from `daytune`.`user` where 1=0
select * from `daytune`.`user` where 1=0;
2025-04-12 00:09:03 INFO  p6spy - #1744384143945 | took 7ms | statement | connection 1| url jdbc:mysql://daytune-db-dev.cn6y6ga82851.ap-northeast-2.rds.amazonaws.com:3306/daytune
select * from `daytune`.`music` where 1=0
select * from `daytune`.`music` where 1=0;
2025-04-12 00:09:03 INFO  o.s.o.j.LocalContainerEntityManagerFactoryBean - Initialized JPA EntityManagerFactory for persistence unit 'default'
2025-04-12 00:09:04 INFO  o.s.b.c.r.s.JobRepositoryFactoryBean - No database type set, using meta data indicating: MYSQL
2025-04-12 00:09:04 INFO  o.s.b.c.l.support.SimpleJobLauncher - No TaskExecutor has been set, defaulting to synchronous executor.
2025-04-12 00:09:04 INFO  o.s.b.c.c.a.BatchObservabilityBeanPostProcessor - No Micrometer observation registry found, defaulting to ObservationRegistry.NOOP
2025-04-12 00:09:04 INFO  o.s.b.c.c.a.BatchObservabilityBeanPostProcessor - No Micrometer observation registry found, defaulting to ObservationRegistry.NOOP
2025-04-12 00:09:04 WARN  o.s.b.a.o.j.JpaBaseConfiguration$JpaWebConfiguration - spring.jpa.open-in-view is enabled by default. Therefore, database queries may be performed during view rendering. Explicitly configure spring.jpa.open-in-view to disable this warning
2025-04-12 00:09:05 INFO  o.s.b.a.w.s.WelcomePageHandlerMapping - Adding welcome page: class path resource [static/index.html]
2025-04-12 00:09:05 INFO  o.s.s.web.DefaultSecurityFilterChain - Will secure any request with [org.springframework.security.web.session.DisableEncodeUrlFilter@70796b21, org.springframework.security.web.context.request.async.WebAsyncManagerIntegrationFilter@4263fbe8, org.springframework.security.web.context.SecurityContextHolderFilter@33e69162, org.springframework.security.web.header.HeaderWriterFilter@14feab02, org.springframework.security.web.authentication.logout.LogoutFilter@3b191676, com.eumakase.eumakase.security.JwtAuthenticationFilter@123307c4, org.springframework.security.web.savedrequest.RequestCacheAwareFilter@7326f323, org.springframework.security.web.servletapi.SecurityContextHolderAwareRequestFilter@202d83b9, org.springframework.security.web.authentication.AnonymousAuthenticationFilter@7c9a0166, org.springframework.security.web.session.SessionManagementFilter@7f36b021, org.springframework.security.web.access.ExceptionTranslationFilter@37a2d18c, org.springframework.security.web.access.intercept.AuthorizationFilter@6f1ba660]
2025-04-12 00:09:05 INFO  o.a.coyote.http11.Http11NioProtocol - Starting ProtocolHandler ["http-nio-8080"]
2025-04-12 00:09:05 INFO  o.s.b.w.e.tomcat.TomcatWebServer - Tomcat started on port 8080 (http) with context path ''
2025-04-12 00:09:05 INFO  c.u.j.c.RefreshScopeRefreshedEventListener - Refreshing cached encryptable property sources on ServletWebServerInitializedEvent
2025-04-12 00:09:05 INFO  c.u.j.c.CachingDelegateEncryptablePropertySource - Property Source systemProperties refreshed
2025-04-12 00:09:05 INFO  c.u.j.c.CachingDelegateEncryptablePropertySource - Property Source systemEnvironment refreshed
2025-04-12 00:09:05 INFO  c.u.j.c.CachingDelegateEncryptablePropertySource - Property Source random refreshed
2025-04-12 00:09:05 INFO  c.u.j.c.CachingDelegateEncryptablePropertySource - Property Source Config resource 'class path resource [application-dev.yml]' via location 'optional:classpath:/' refreshed
2025-04-12 00:09:05 INFO  c.u.j.c.CachingDelegateEncryptablePropertySource - Property Source Config resource 'class path resource [application.yml]' via location 'optional:classpath:/' refreshed
2025-04-12 00:09:05 INFO  c.u.j.EncryptablePropertySourceConverter - Skipping PropertySource configurationProperties [class org.springframework.boot.context.properties.source.ConfigurationPropertySourcesPropertySource
2025-04-12 00:09:05 INFO  c.u.j.EncryptablePropertySourceConverter - Skipping PropertySource servletConfigInitParams [class org.springframework.core.env.PropertySource$StubPropertySource
2025-04-12 00:09:05 INFO  c.u.j.EncryptablePropertySourceConverter - Converting PropertySource servletContextInitParams [org.springframework.web.context.support.ServletContextPropertySource] to EncryptableEnumerablePropertySourceWrapper
2025-04-12 00:09:05 INFO  c.e.eumakase.EumakaseApplication - Started EumakaseApplication in 6.222 seconds (process running for 6.803)
2025-04-12 00:11:32 INFO  o.s.o.j.LocalContainerEntityManagerFactoryBean - Closing JPA EntityManagerFactory for persistence unit 'default'
2025-04-12 00:11:32 INFO  com.zaxxer.hikari.HikariDataSource - HikariPool-1 - Shutdown initiated...
2025-04-12 00:11:32 INFO  com.zaxxer.hikari.HikariDataSource - HikariPool-1 - Shutdown completed.
2025-04-12 00:11:37 INFO  o.h.validator.internal.util.Version - HV000001: Hibernate Validator 8.0.1.Final
2025-04-12 00:11:37 INFO  c.e.eumakase.EumakaseApplication - Starting EumakaseApplication using Java 17.0.9 with PID 49428 (/Users/jyoung/Documents/GitHub/eumakase_server/build/classes/java/main started by jyoung in /Users/jyoung/Documents/GitHub/eumakase_server)
2025-04-12 00:11:37 INFO  c.e.eumakase.EumakaseApplication - The following 1 profile is active: "dev"
2025-04-12 00:11:38 INFO  o.s.b.c.c.annotation.BatchRegistrar - Finished Spring Batch infrastructure beans configuration in 8 ms.
2025-04-12 00:11:38 INFO  o.s.b.c.c.annotation.BatchRegistrar - Bean jobRepository already defined in the application context, skipping the registration of a jobRepository
2025-04-12 00:11:38 INFO  o.s.b.c.c.annotation.BatchRegistrar - Bean jobExplorer already defined in the application context, skipping the registration of a jobExplorer
2025-04-12 00:11:38 INFO  o.s.b.c.c.annotation.BatchRegistrar - Bean jobLauncher already defined in the application context, skipping the registration of a jobLauncher
2025-04-12 00:11:38 INFO  o.s.b.c.c.annotation.BatchRegistrar - Bean jobRegistry already defined in the application context, skipping the registration of a jobRegistry
2025-04-12 00:11:38 INFO  o.s.b.c.c.annotation.BatchRegistrar - Bean jobRegistryBeanPostProcessor already defined in the application context, skipping the registration of a jobRegistryBeanPostProcessor
2025-04-12 00:11:38 INFO  o.s.b.c.c.annotation.BatchRegistrar - Bean jobOperator already defined in the application context, skipping the registration of a jobOperator
2025-04-12 00:11:38 INFO  o.s.b.c.c.annotation.BatchRegistrar - Finished Spring Batch infrastructure beans configuration in 0 ms.
2025-04-12 00:11:38 INFO  o.s.d.r.c.RepositoryConfigurationDelegate - Bootstrapping Spring Data JPA repositories in DEFAULT mode.
2025-04-12 00:11:38 INFO  o.s.d.r.c.RepositoryConfigurationDelegate - Finished Spring Data repository scanning in 77 ms. Found 8 JPA repository interfaces.
2025-04-12 00:11:39 INFO  c.u.j.c.EnableEncryptablePropertiesBeanFactoryPostProcessor - Post-processing PropertySource instances
2025-04-12 00:11:39 INFO  c.u.j.EncryptablePropertySourceConverter - Skipping PropertySource configurationProperties [class org.springframework.boot.context.properties.source.ConfigurationPropertySourcesPropertySource
2025-04-12 00:11:39 INFO  c.u.j.EncryptablePropertySourceConverter - Skipping PropertySource servletConfigInitParams [class org.springframework.core.env.PropertySource$StubPropertySource
2025-04-12 00:11:39 INFO  c.u.j.EncryptablePropertySourceConverter - Skipping PropertySource servletContextInitParams [class org.springframework.core.env.PropertySource$StubPropertySource
2025-04-12 00:11:39 INFO  c.u.j.EncryptablePropertySourceConverter - Converting PropertySource systemProperties [org.springframework.core.env.PropertiesPropertySource] to EncryptableMapPropertySourceWrapper
2025-04-12 00:11:39 INFO  c.u.j.EncryptablePropertySourceConverter - Converting PropertySource systemEnvironment [org.springframework.boot.env.SystemEnvironmentPropertySourceEnvironmentPostProcessor$OriginAwareSystemEnvironmentPropertySource] to EncryptableSystemEnvironmentPropertySourceWrapper
2025-04-12 00:11:39 INFO  c.u.j.EncryptablePropertySourceConverter - Converting PropertySource random [org.springframework.boot.env.RandomValuePropertySource] to EncryptablePropertySourceWrapper
2025-04-12 00:11:39 INFO  c.u.j.EncryptablePropertySourceConverter - Converting PropertySource Config resource 'class path resource [application-dev.yml]' via location 'optional:classpath:/' [org.springframework.boot.env.OriginTrackedMapPropertySource] to EncryptableMapPropertySourceWrapper
2025-04-12 00:11:39 INFO  c.u.j.EncryptablePropertySourceConverter - Converting PropertySource Config resource 'class path resource [application.yml]' via location 'optional:classpath:/' [org.springframework.boot.env.OriginTrackedMapPropertySource] to EncryptableMapPropertySourceWrapper
2025-04-12 00:11:39 WARN  o.s.c.s.PostProcessorRegistrationDelegate$BeanPostProcessorChecker - Bean 'jobRegistry' of type [org.springframework.batch.core.configuration.support.MapJobRegistry] is not eligible for getting processed by all BeanPostProcessors (for example: not eligible for auto-proxying). Is this bean getting eagerly injected into a currently created BeanPostProcessor [jobRegistryBeanPostProcessor]? Check the corresponding BeanPostProcessor declaration and its dependencies.
2025-04-12 00:11:39 INFO  c.u.j.f.DefaultLazyPropertyFilter - Property Filter custom Bean not found with name 'encryptablePropertyFilter'. Initializing Default Property Filter
2025-04-12 00:11:39 INFO  c.u.j.r.DefaultLazyPropertyResolver - Property Resolver custom Bean not found with name 'encryptablePropertyResolver'. Initializing Default Property Resolver
2025-04-12 00:11:39 INFO  c.u.j.d.DefaultLazyPropertyDetector - Property Detector custom Bean not found with name 'encryptablePropertyDetector'. Initializing Default Property Detector
2025-04-12 00:11:39 INFO  o.s.b.w.e.tomcat.TomcatWebServer - Tomcat initialized with port 8080 (http)
2025-04-12 00:11:39 INFO  o.a.coyote.http11.Http11NioProtocol - Initializing ProtocolHandler ["http-nio-8080"]
2025-04-12 00:11:39 INFO  o.a.catalina.core.StandardService - Starting service [Tomcat]
2025-04-12 00:11:39 INFO  o.a.catalina.core.StandardEngine - Starting Servlet engine: [Apache Tomcat/10.1.17]
2025-04-12 00:11:39 INFO  o.a.c.c.C.[Tomcat].[localhost].[/] - Initializing Spring embedded WebApplicationContext
2025-04-12 00:11:39 INFO  o.s.b.w.s.c.ServletWebServerApplicationContext - Root WebApplicationContext: initialization completed in 1615 ms
2025-04-12 00:11:39 INFO  c.u.j.encryptor.DefaultLazyEncryptor - Found Custom Encryptor Bean org.jasypt.encryption.pbe.PooledPBEStringEncryptor@256589a1 with name: jasyptStringEncryptor
2025-04-12 00:11:39 INFO  o.h.jpa.internal.util.LogHelper - HHH000204: Processing PersistenceUnitInfo [name: default]
2025-04-12 00:11:39 INFO  org.hibernate.Version - HHH000412: Hibernate ORM core version 6.4.1.Final
2025-04-12 00:11:39 INFO  o.h.c.i.RegionFactoryInitiator - HHH000026: Second-level cache disabled
2025-04-12 00:11:39 INFO  o.s.o.j.p.SpringPersistenceUnitInfo - No LoadTimeWeaver setup: ignoring JPA class transformer
2025-04-12 00:11:39 INFO  com.zaxxer.hikari.HikariDataSource - HikariPool-1 - Starting...
2025-04-12 00:11:40 INFO  com.zaxxer.hikari.pool.HikariPool - HikariPool-1 - Added connection com.mysql.cj.jdbc.ConnectionImpl@1c0cf193
2025-04-12 00:11:40 INFO  com.zaxxer.hikari.HikariDataSource - HikariPool-1 - Start completed.
2025-04-12 00:11:41 INFO  o.h.e.t.j.p.i.JtaPlatformInitiator - HHH000489: No JTA platform available (set 'hibernate.transaction.jta.platform' to enable JTA platform integration)
2025-04-12 00:11:41 INFO  p6spy - #1744384301340 | took 10ms | statement | connection 1| url jdbc:mysql://daytune-db-dev.cn6y6ga82851.ap-northeast-2.rds.amazonaws.com:3306/daytune
select * from `daytune`.`prompt_category` where 1=0
select * from `daytune`.`prompt_category` where 1=0;
2025-04-12 00:11:41 INFO  p6spy - #1744384301359 | took 7ms | statement | connection 1| url jdbc:mysql://daytune-db-dev.cn6y6ga82851.ap-northeast-2.rds.amazonaws.com:3306/daytune
select * from `daytune`.`user` where 1=0
select * from `daytune`.`user` where 1=0;
2025-04-12 00:11:41 INFO  p6spy - #1744384301391 | took 8ms | statement | connection 1| url jdbc:mysql://daytune-db-dev.cn6y6ga82851.ap-northeast-2.rds.amazonaws.com:3306/daytune
select * from `daytune`.`diary` where 1=0
select * from `daytune`.`diary` where 1=0;
2025-04-12 00:11:41 INFO  p6spy - #1744384301421 | took 8ms | statement | connection 1| url jdbc:mysql://daytune-db-dev.cn6y6ga82851.ap-northeast-2.rds.amazonaws.com:3306/daytune
select * from `daytune`.`user` where 1=0
select * from `daytune`.`user` where 1=0;
2025-04-12 00:11:41 INFO  p6spy - #1744384301451 | took 7ms | statement | connection 1| url jdbc:mysql://daytune-db-dev.cn6y6ga82851.ap-northeast-2.rds.amazonaws.com:3306/daytune
select * from `daytune`.`diary` where 1=0
select * from `daytune`.`diary` where 1=0;
2025-04-12 00:11:41 INFO  p6spy - #1744384301468 | took 7ms | statement | connection 1| url jdbc:mysql://daytune-db-dev.cn6y6ga82851.ap-northeast-2.rds.amazonaws.com:3306/daytune
select * from `daytune`.`prompt_category` where 1=0
select * from `daytune`.`prompt_category` where 1=0;
2025-04-12 00:11:41 INFO  p6spy - #1744384301499 | took 7ms | statement | connection 1| url jdbc:mysql://daytune-db-dev.cn6y6ga82851.ap-northeast-2.rds.amazonaws.com:3306/daytune
select * from `daytune`.`prompt_category` where 1=0
select * from `daytune`.`prompt_category` where 1=0;
2025-04-12 00:11:41 INFO  p6spy - #1744384301530 | took 7ms | statement | connection 1| url jdbc:mysql://daytune-db-dev.cn6y6ga82851.ap-northeast-2.rds.amazonaws.com:3306/daytune
select * from `daytune`.`user` where 1=0
select * from `daytune`.`user` where 1=0;
2025-04-12 00:11:41 INFO  p6spy - #1744384301559 | took 8ms | statement | connection 1| url jdbc:mysql://daytune-db-dev.cn6y6ga82851.ap-northeast-2.rds.amazonaws.com:3306/daytune
select * from `daytune`.`music` where 1=0
select * from `daytune`.`music` where 1=0;
2025-04-12 00:11:41 INFO  o.s.o.j.LocalContainerEntityManagerFactoryBean - Initialized JPA EntityManagerFactory for persistence unit 'default'
2025-04-12 00:11:42 INFO  o.s.b.c.r.s.JobRepositoryFactoryBean - No database type set, using meta data indicating: MYSQL
2025-04-12 00:11:42 INFO  o.s.b.c.l.support.SimpleJobLauncher - No TaskExecutor has been set, defaulting to synchronous executor.
2025-04-12 00:11:42 INFO  o.s.b.c.c.a.BatchObservabilityBeanPostProcessor - No Micrometer observation registry found, defaulting to ObservationRegistry.NOOP
2025-04-12 00:11:42 INFO  o.s.b.c.c.a.BatchObservabilityBeanPostProcessor - No Micrometer observation registry found, defaulting to ObservationRegistry.NOOP
2025-04-12 00:11:42 WARN  o.s.b.a.o.j.JpaBaseConfiguration$JpaWebConfiguration - spring.jpa.open-in-view is enabled by default. Therefore, database queries may be performed during view rendering. Explicitly configure spring.jpa.open-in-view to disable this warning
2025-04-12 00:11:42 INFO  o.s.b.a.w.s.WelcomePageHandlerMapping - Adding welcome page: class path resource [static/index.html]
2025-04-12 00:11:42 INFO  o.s.s.web.DefaultSecurityFilterChain - Will secure any request with [org.springframework.security.web.session.DisableEncodeUrlFilter@53e7cc08, org.springframework.security.web.context.request.async.WebAsyncManagerIntegrationFilter@4b45016d, org.springframework.security.web.context.SecurityContextHolderFilter@3f76c712, org.springframework.security.web.header.HeaderWriterFilter@8fa4647, org.springframework.security.web.authentication.logout.LogoutFilter@3d4ea4cf, com.eumakase.eumakase.security.JwtAuthenticationFilter@2f4d32bf, org.springframework.security.web.savedrequest.RequestCacheAwareFilter@5a816a78, org.springframework.security.web.servletapi.SecurityContextHolderAwareRequestFilter@57352624, org.springframework.security.web.authentication.AnonymousAuthenticationFilter@7119d1da, org.springframework.security.web.session.SessionManagementFilter@1817f7f0, org.springframework.security.web.access.ExceptionTranslationFilter@16bba8ae, org.springframework.security.web.access.intercept.AuthorizationFilter@12515d64]
2025-04-12 00:11:43 INFO  o.a.coyote.http11.Http11NioProtocol - Starting ProtocolHandler ["http-nio-8080"]
2025-04-12 00:11:43 INFO  o.s.b.w.e.tomcat.TomcatWebServer - Tomcat started on port 8080 (http) with context path ''
2025-04-12 00:11:43 INFO  c.u.j.c.RefreshScopeRefreshedEventListener - Refreshing cached encryptable property sources on ServletWebServerInitializedEvent
2025-04-12 00:11:43 INFO  c.u.j.c.CachingDelegateEncryptablePropertySource - Property Source systemProperties refreshed
2025-04-12 00:11:43 INFO  c.u.j.c.CachingDelegateEncryptablePropertySource - Property Source systemEnvironment refreshed
2025-04-12 00:11:43 INFO  c.u.j.c.CachingDelegateEncryptablePropertySource - Property Source random refreshed
2025-04-12 00:11:43 INFO  c.u.j.c.CachingDelegateEncryptablePropertySource - Property Source Config resource 'class path resource [application-dev.yml]' via location 'optional:classpath:/' refreshed
2025-04-12 00:11:43 INFO  c.u.j.c.CachingDelegateEncryptablePropertySource - Property Source Config resource 'class path resource [application.yml]' via location 'optional:classpath:/' refreshed
2025-04-12 00:11:43 INFO  c.u.j.EncryptablePropertySourceConverter - Skipping PropertySource configurationProperties [class org.springframework.boot.context.properties.source.ConfigurationPropertySourcesPropertySource
2025-04-12 00:11:43 INFO  c.u.j.EncryptablePropertySourceConverter - Skipping PropertySource servletConfigInitParams [class org.springframework.core.env.PropertySource$StubPropertySource
2025-04-12 00:11:43 INFO  c.u.j.EncryptablePropertySourceConverter - Converting PropertySource servletContextInitParams [org.springframework.web.context.support.ServletContextPropertySource] to EncryptableEnumerablePropertySourceWrapper
2025-04-12 00:11:43 INFO  c.e.eumakase.EumakaseApplication - Started EumakaseApplication in 5.911 seconds (process running for 6.486)
